2023-12-15 00:52:48.339577 [NOTICE] [T0] Your License key will expire in 14 days
2023-12-15 00:52:48.339621 [NOTICE] [T0] Loading LiteSpeed/6.0.12 Enterprise ...
2023-12-15 00:52:48.339628 [NOTICE] [T0] Using [BoringSSL]
2023-12-15 00:52:48.441381 [NOTICE] [29] [T0] [ADMIN] server socket: uds://usr/local/lsws/admin/tmp/admin.sock.7716
2023-12-15 00:52:48.441461 [NOTICE] [29] [T0] Loading configuration from /usr/local/lsws/conf/httpd_config.xml ...
2023-12-15 00:52:48.442137 [NOTICE] [29] [T0] [config] chroot is disabled.
2023-12-15 00:52:48.442196 [INFO] [29] [T0] old priority: 0, new priority: 0
2023-12-15 00:52:48.442250 [INFO] [29] [T0] [config:server:basic] For better obscurity, server version number is hidden in the response header.
2023-12-15 00:52:48.444340 [INFO] [29] [T0] [/usr/local/lsws/bin/lscgid] CloudLinux LVE is disabled.
2023-12-15 00:52:48.444353 [INFO] [29] [T0] [/usr/local/lsws/bin/lscgid] CRIU is disabled.
2023-12-15 00:52:48.445631 [NOTICE] [29] [T0] start cgid: 31, /usr/local/lsws/bin/lscgid
2023-12-15 00:52:48.446314 [NOTICE] [29] [T0] start cgid: 32, /usr/local/lsws/bin/httpd
2023-12-15 00:52:48.446781 [INFO] [29] [T0] Download QUIC.cloud whitelist IP to admin/tmp/download-quic-cloud-ips ...
2023-12-15 00:52:49.017839 [INFO] [29] [T0] Add QUIC.cloud IPs from admin/conf/quic-cloud-ips to trusted ACL ...
2023-12-15 00:52:49.017998 [INFO] [29] [T0] Add CloudFlare Subnets to trusted ACL ...
2023-12-15 00:52:49.019300 [NOTICE] [29] [T0] [*:80] Add SO_REUSEPORT sockets, from #1 to #2
2023-12-15 00:52:49.019366 [NOTICE] [29] [T0] The maximum number of file descriptor limit is set to 1048576.
2023-12-15 00:52:49.023738 [NOTICE] [29] [T0] [config:server:rails] Cannot find ruby interpreter, Rails easy configuration is turned off
2023-12-15 00:52:49.023794 [INFO] [29] [T0] [config:server:php] Try Litespeed PHP handlers
2023-12-15 00:52:49.024209 [INFO] [29] [T0] Create PHP handler [lsphp81] with PHP binary [/usr/local/lsws/lsphp81/bin/lsphp]
2023-12-15 00:52:49.024241 [INFO] [29] [T0] Add #1 suffix handler [lsphp81]->[lsphp81].
2023-12-15 00:52:49.024246 [INFO] [29] [T0] Associate [php81] with PHP handler [lsphp81].
2023-12-15 00:52:49.024256 [INFO] [29] [T0] Add #2 suffix handler [php81]->[lsphp81].
2023-12-15 00:52:49.024279 [INFO] [29] [T0] [config:server:php] Try CloudLinux PHP selector handlers
2023-12-15 00:52:49.024730 [INFO] [29] [T0] [config:server:php] cannot found a working PHP handler from list [php72,php71,php70,php56,php55,php73]
2023-12-15 00:52:49.026509 [WARN] [29] [T0] [config:vhost:HelpDesk] Uid of /var/www/vhosts/laravel/ is smaller than minimum requirement 11, use server uid!
2023-12-15 00:52:49.026523 [WARN] [29] [T0] [config:vhost:HelpDesk] Gid of /var/www/vhosts/laravel/ is smaller than minimum requirement 10, use server gid!
2023-12-15 00:52:49.026528 [INFO] [29] [T0] [config:vhost:HelpDesk:logging] no separate logging set up.
2023-12-15 00:52:49.030302 [NOTICE] [29] [T0] Litespeed is ready to serve...
2023-12-15 00:52:49.030949 [NOTICE] [29] [T0] [AutoRestarter] new child process with pid=33 is forked!
2023-12-15 00:52:49.031576 [NOTICE] [29] [T0] [AutoRestarter] new child process with pid=34 is forked!
2023-12-15 00:52:49.032305 [NOTICE] [34] [T0] [*:80] Worker #2 activates socket SO_REUSEPORT #2, fd: 27
2023-12-15 00:52:49.032373 [INFO] [34] [T0] Stop listener *:7080.
2023-12-15 00:52:49.032742 [NOTICE] [33] [T0] [*:80] Worker #1 activates socket SO_REUSEPORT #1, fd: 26
2023-12-15 00:52:49.492294 [INFO] [29] [T0] [LICENSE] License is OK.
2023-12-15 00:52:49.032897 [NOTICE] [34] [T0] [Child: 34] Setup swapping space...
2023-12-15 00:52:49.033086 [NOTICE] [34] [T0] Successfully change current user to nobody
2023-12-15 00:52:49.033097 [NOTICE] [34] [T0] Core dump is enabled.
2023-12-15 00:52:49.033515 [INFO] [34] [T0] [SSL_APK] created offloader with 2 workers.
2023-12-15 00:52:49.033596 [INFO] [34] [T0] [MODSEC] created offloader with 10 workers.
2023-12-15 00:52:49.033659 [INFO] [34] [T0] [MODSEC_BODY] created offloader with 50 workers.
2023-12-15 00:52:49.033662 [ALERT] [34] [T0] LiteSpeed/6.0.12 Enterprise starts successfully!
2023-12-15 00:52:49.033152 [NOTICE] [33] [T0] [Child: 33] Setup swapping space...
2023-12-15 00:52:49.033199 [NOTICE] [33] [T0] Successfully change current user to nobody
2023-12-15 00:52:49.033206 [NOTICE] [33] [T0] Core dump is enabled.
2023-12-15 00:52:49.033516 [INFO] [33] [T0] [SSL_APK] created offloader with 2 workers.
2023-12-15 00:52:49.033601 [INFO] [33] [T0] [MODSEC] created offloader with 10 workers.
2023-12-15 00:52:49.033668 [INFO] [33] [T0] [MODSEC_BODY] created offloader with 50 workers.
2023-12-15 00:52:49.033670 [ALERT] [33] [T0] LiteSpeed/6.0.12 Enterprise starts successfully!
2023-12-15 00:52:58.636494 [INFO] [34] [T0] [Laravel] add child process pid: 61, procinfo: 0x13150d0
2023-12-15 00:52:59.037260 [INFO] [34] [T0] [uds://tmp/lshttpd/lsphp-example.sock] Error Timeout, restart and try again!
2023-12-15 00:52:59.038034 [INFO] [34] [T0] [88.0.104.1:54055#HelpDesk] connection to [/tmp/lshttpd/lsphp-example.sock] on request #0, confirmed, 0, associated process: 61, running: 1, error: No such file or directory!
2023-12-15 00:52:59.038044 [INFO] [34] [T0] [uds://tmp/lshttpd/lsphp-example.sock] Connection refused, restart!
2023-12-15 00:52:59.038047 [NOTICE] [34] [T0] Graceful stop process group lead by pid: 61
2023-12-15 00:52:59.038656 [NOTICE] [34] [T0] All pending requests are finished, stop process group lead by pid: 61
2023-12-15 00:52:59.039205 [INFO] [34] [T0] [Laravel] add child process pid: 63, procinfo: 0x131aae0
